SUCCESS 2019-05-22 11:45:04 ENV: LOCALHOST
SUCCESS 2019-05-22 11:45:04 USERNAME:login_name
SUCCESS 2019-05-22 11:45:04 DB:your_db
SUCCESS 2019-05-22 11:45:04 HOST:localhost
SUCCESS 2019-05-22 11:45:04 HTTPS:0
SUCCESS 2019-05-22 11:45:04 USERPASS:******
SUCCESS 2019-05-22 11:45:04 PORT:8069
SUCCESS 2019-05-22 11:45:44 ENV: LOCALHOST
SUCCESS 2019-05-22 11:45:44 USERNAME:mario@hesaitech.com
SUCCESS 2019-05-22 11:45:44 DB:hesai_borrow
SUCCESS 2019-05-22 11:45:44 HOST:localhost
SUCCESS 2019-05-22 11:45:44 HTTPS:0
SUCCESS 2019-05-22 11:45:44 USERPASS:******
SUCCESS 2019-05-22 11:45:44 PORT:8069
SUCCESS 2019-05-22 11:46:13 ENV: LOCALHOST
SUCCESS 2019-05-22 11:46:13 USERNAME:mario@hesaitech.com
SUCCESS 2019-05-22 11:46:13 DB:hesai_borrow
SUCCESS 2019-05-22 11:46:13 HOST:localhost
SUCCESS 2019-05-22 11:46:13 HTTPS:0
SUCCESS 2019-05-22 11:46:13 USERPASS:******
SUCCESS 2019-05-22 11:46:13 PORT:8069
SUCCESS 2019-05-22 11:46:49 ENV: LOCALHOST
SUCCESS 2019-05-22 11:46:49 USERNAME:mario@hesaitech.com
SUCCESS 2019-05-22 11:46:49 DB:hesai_borrow
SUCCESS 2019-05-22 11:46:49 HOST:localhost
SUCCESS 2019-05-22 11:46:49 HTTPS:0
SUCCESS 2019-05-22 11:46:49 USERPASS:******
SUCCESS 2019-05-22 11:46:49 PORT:8069
SUCCESS 2019-05-22 11:47:07 ENV: LOCALHOST
SUCCESS 2019-05-22 11:47:07 USERNAME:mario@hesaitech.com
SUCCESS 2019-05-22 11:47:07 DB:hesai_borrow
SUCCESS 2019-05-22 11:47:07 HOST:localhost
SUCCESS 2019-05-22 11:47:07 HTTPS:0
SUCCESS 2019-05-22 11:47:07 USERPASS:******
SUCCESS 2019-05-22 11:47:07 PORT:8069
